#
# There is insufficient memory for the Java Runtime Environment to continue.
# Native memory allocation (mmap) failed to map 65536 bytes for Failed to commit metaspace.
# Possible reasons:
#   The system is out of physical RAM or swap space
#   The process is running with CompressedOops enabled, and the Java Heap may be blocking the growth of the native heap
# Possible solutions:
#   Reduce memory load on the system
#   Increase physical memory or swap space
#   Check if swap backing store is full
#   Decrease Java heap size (-Xmx/-Xms)
#   Decrease number of Java threads
#   Decrease Java thread stack sizes (-Xss)
#   Set larger code cache with -XX:ReservedCodeCacheSize=
#   JVM is running with Unscaled Compressed Oops mode in which the Java heap is
#     placed in the first 4GB address space. The Java Heap base address is the
#     maximum limit for the native heap growth. Please use -XX:HeapBaseMinAddress
#     to set the Java Heap base and to place the Java Heap above 4GB virtual address.
# This output file may be truncated or incomplete.
#
#  Out of Memory Error (virtualSpaceNode.cpp:110), pid=5396, tid=10544
#
# JRE version: Java(TM) SE Runtime Environment (17.0.12+8) (build 17.0.12+8-LTS-286)
# Java VM: Java HotSpot(TM) 64-Bit Server VM (17.0.12+8-LTS-286, mixed mode, sharing, tiered, compressed oops, compressed class ptrs, g1 gc, windows-amd64)
# No core dump will be written. Minidumps are not enabled by default on client versions of Windows
#

---------------  S U M M A R Y ------------

Command Line: -Dfile.encoding=UTF-8 --module-path=C:\Users\Yogesh\Desktop\BankMangementSystem\BankMangementSystem\build\classes com.yogesh.frontend.Dashboard

Host: Intel(R) Core(TM) i3-6006U CPU @ 2.00GHz, 4 cores, 3G,  Windows 10 , 64 bit Build 19041 (10.0.19041.5072)
Time: Thu Dec 19 15:43:29 2024 India Standard Time elapsed time: 2.241738 seconds (0d 0h 0m 2s)

---------------  T H R E A D  ---------------

Current thread (0x00000207dc32c100):  JavaThread "AWT-EventQueue-0" [_thread_in_vm, id=10544, stack(0x00000035ca700000,0x00000035ca800000)]

Stack: [0x00000035ca700000,0x00000035ca800000]
Native frames: (J=compiled Java code, j=interpreted, Vv=VM code, C=native code)
V  [jvm.dll+0x67a04a]
V  [jvm.dll+0x7da4ed]
V  [jvm.dll+0x7dbe33]
V  [jvm.dll+0x7dc4a3]
V  [jvm.dll+0x24508f]
V  [jvm.dll+0x7d60bb]
V  [jvm.dll+0x6206c6]
V  [jvm.dll+0x1bed07]
V  [jvm.dll+0x623022]
V  [jvm.dll+0x621086]
V  [jvm.dll+0x23936f]
V  [jvm.dll+0x62af35]
V  [jvm.dll+0x1e84b2]
V  [jvm.dll+0x1e89d5]
V  [jvm.dll+0x1e931b]
V  [jvm.dll+0x1dea41]
V  [jvm.dll+0x53f78c]
V  [jvm.dll+0x1ef3ca]
V  [jvm.dll+0x7547ad]
V  [jvm.dll+0x755bc6]
V  [jvm.dll+0x414b95]
C  [java.dll+0x1a55]

Java frames: (J=compiled Java code, j=interpreted, Vv=VM code)
j  java.lang.ClassLoader.findBootstrapClass(Ljava/lang/String;)Ljava/lang/Class;+0 java.base@17.0.12
j  java.lang.ClassLoader.findBootstrapClassOrNull(Ljava/lang/String;)Ljava/lang/Class;+10 java.base@17.0.12
j  java.lang.System$2.findBootstrapClassOrNull(Ljava/lang/String;)Ljava/lang/Class;+1 java.base@17.0.12
j  jdk.internal.loader.ClassLoaders$BootClassLoader.loadClassOrNull(Ljava/lang/String;Z)Ljava/lang/Class;+4 java.base@17.0.12
j  jdk.internal.loader.BuiltinClassLoader.loadClassOrNull(Ljava/lang/String;)Ljava/lang/Class;+3 java.base@17.0.12
j  jdk.internal.loader.BuiltinClassLoader.loadClassOrNull(Ljava/lang/String;Z)Ljava/lang/Class;+66 java.base@17.0.12
j  jdk.internal.loader.BuiltinClassLoader.loadClass(Ljava/lang/String;Z)Ljava/lang/Class;+3 java.base@17.0.12
j  jdk.internal.loader.ClassLoaders$AppClassLoader.loadClass(Ljava/lang/String;Z)Ljava/lang/Class;+36 java.base@17.0.12
j  java.lang.ClassLoader.loadClass(Ljava/lang/String;)Ljava/lang/Class;+3 java.base@17.0.12
v  ~StubRoutines::call_stub
j  com.yogesh.tabpanel.TabbedPaneCustom.<init>()V+68
j  com.yogesh.frontend.Dashboard.initComponents()V+49
j  com.yogesh.frontend.Dashboard.<init>()V+5
j  com.yogesh.frontend.Dashboard$1.run()V+4
j  java.awt.event.InvocationEvent.dispatch()V+47 java.desktop@17.0.12
j  java.awt.EventQueue.dispatchEventImpl(Ljava/awt/AWTEvent;Ljava/lang/Object;)V+21 java.desktop@17.0.12
j  java.awt.EventQueue$4.run()Ljava/lang/Void;+32 java.desktop@17.0.12
j  java.awt.EventQueue$4.run()Ljava/lang/Object;+1 java.desktop@17.0.12
j  java.security.AccessController.executePrivileged(Ljava/security/PrivilegedAction;Ljava/security/AccessControlContext;Ljava/lang/Class;)Ljava/lang/Object;+29 java.base@17.0.12
j  java.security.AccessController.doPrivileged(Ljava/security/PrivilegedAction;Ljava/security/AccessControlContext;)Ljava/lang/Object;+13 java.base@17.0.12
j  java.security.ProtectionDomain$JavaSecurityAccessImpl.doIntersectionPrivilege(Ljava/security/PrivilegedAction;Ljava/security/AccessControlContext;Ljava/security/AccessControlContext;)Ljava/lang/Object;+18 java.base@17.0.12
j  java.awt.EventQueue.dispatchEvent(Ljava/awt/AWTEvent;)V+46 java.desktop@17.0.12
j  java.awt.EventDispatchThread.pumpOneEventForFilters(I)V+78 java.desktop@17.0.12
j  java.awt.EventDispatchThread.pumpEventsForFilter(ILjava/awt/Conditional;Ljava/awt/EventFilter;)V+35 java.desktop@17.0.12
j  java.awt.EventDispatchThread.pumpEventsForHierarchy(ILjava/awt/Conditional;Ljava/awt/Component;)V+11 java.desktop@17.0.12
j  java.awt.EventDispatchThread.pumpEvents(ILjava/awt/Conditional;)V+4 java.desktop@17.0.12
j  java.awt.EventDispatchThread.pumpEvents(Ljava/awt/Conditional;)V+3 java.desktop@17.0.12
j  java.awt.EventDispatchThread.run()V+9 java.desktop@17.0.12
v  ~StubRoutines::call_stub

---------------  P R O C E S S  ---------------

Threads class SMR info:
_java_thread_list=0x00000207dc286830, length=16, elements={
0x00000207fb8ee5b0, 0x00000207fb8ef430, 0x00000207fb903030, 0x00000207fb9039f0,
0x00000207fb904b50, 0x00000207fb905510, 0x00000207fb90ade0, 0x00000207fb90e040,
0x00000207fb90ea40, 0x0000020796c0f9c0, 0x00000207dc05c450, 0x00000207dc244f00,
0x00000207dc2453e0, 0x00000207dc27e440, 0x00000207dc32c100, 0x00000207fb832b70
}

Java Threads: ( => current thread )
  0x00000207fb8ee5b0 JavaThread "Reference Handler" daemon [_thread_blocked, id=10552, stack(0x00000035c9800000,0x00000035c9900000)]
  0x00000207fb8ef430 JavaThread "Finalizer" daemon [_thread_blocked, id=992, stack(0x00000035c9900000,0x00000035c9a00000)]
  0x00000207fb903030 JavaThread "Signal Dispatcher" daemon [_thread_blocked, id=8068, stack(0x00000035c9a00000,0x00000035c9b00000)]
  0x00000207fb9039f0 JavaThread "Attach Listener" daemon [_thread_blocked, id=11856, stack(0x00000035c9b00000,0x00000035c9c00000)]
  0x00000207fb904b50 JavaThread "Service Thread" daemon [_thread_blocked, id=9912, stack(0x00000035c9c00000,0x00000035c9d00000)]
  0x00000207fb905510 JavaThread "Monitor Deflation Thread" daemon [_thread_blocked, id=9624, stack(0x00000035c9d00000,0x00000035c9e00000)]
  0x00000207fb90ade0 JavaThread "C2 CompilerThread0" daemon [_thread_blocked, id=1148, stack(0x00000035c9e00000,0x00000035c9f00000)]
  0x00000207fb90e040 JavaThread "C1 CompilerThread0" daemon [_thread_blocked, id=10328, stack(0x00000035c9f00000,0x00000035ca000000)]
  0x00000207fb90ea40 JavaThread "Sweeper thread" daemon [_thread_blocked, id=11256, stack(0x00000035ca000000,0x00000035ca100000)]
  0x0000020796c0f9c0 JavaThread "Common-Cleaner" daemon [_thread_blocked, id=4656, stack(0x00000035ca100000,0x00000035ca200000)]
  0x00000207dc05c450 JavaThread "Notification Thread" daemon [_thread_blocked, id=8488, stack(0x00000035ca200000,0x00000035ca300000)]
  0x00000207dc244f00 JavaThread "Java2D Disposer" daemon [_thread_blocked, id=8436, stack(0x00000035ca400000,0x00000035ca500000)]
  0x00000207dc2453e0 JavaThread "AWT-Shutdown" [_thread_blocked, id=8280, stack(0x00000035ca500000,0x00000035ca600000)]
  0x00000207dc27e440 JavaThread "AWT-Windows" daemon [_thread_in_native, id=6200, stack(0x00000035ca600000,0x00000035ca700000)]
=>0x00000207dc32c100 JavaThread "AWT-EventQueue-0" [_thread_in_vm, id=10544, stack(0x00000035ca700000,0x00000035ca800000)]
  0x00000207fb832b70 JavaThread "DestroyJavaVM" [_thread_blocked, id=10320, stack(0x00000035c9100000,0x00000035c9200000)]

Other Threads:
  0x00000207fb8e6930 VMThread "VM Thread" [stack: 0x00000035c9700000,0x00000035c9800000] [id=3792]
  0x00000207dc04a190 WatcherThread [stack: 0x00000035ca300000,0x00000035ca400000] [id=6632]
  0x00000207fb86e460 GCTaskThread "GC Thread#0" [stack: 0x00000035c9200000,0x00000035c9300000] [id=11288]
  0x00000207fb876ff0 ConcurrentGCThread "G1 Main Marker" [stack: 0x00000035c9300000,0x00000035c9400000] [id=7908]
  0x00000207fb877a00 ConcurrentGCThread "G1 Conc#0" [stack: 0x00000035c9400000,0x00000035c9500000] [id=11896]
  0x00000207fb8c66e0 ConcurrentGCThread "G1 Refine#0" [stack: 0x00000035c9500000,0x00000035c9600000] [id=11084]
  0x00000207fb8c7110 ConcurrentGCThread "G1 Service" [stack: 0x00000035c9600000,0x00000035c9700000] [id=8060]

Threads with active compile tasks:

VM state: not at safepoint (normal execution)

VM Mutex/Monitor currently owned by a thread:  ([mutex/lock_event])
[0x00000207fb82c5a0] Metaspace_lock - owner thread: 0x00000207dc32c100

Heap address: 0x00000000c1e00000, size: 994 MB, Compressed Oops mode: 32-bit

CDS archive(s) mapped at: [0x0000020797000000-0x0000020797bd0000-0x0000020797bd0000), size 12386304, SharedBaseAddress: 0x0000020797000000, ArchiveRelocationMode: 1.
Compressed class space mapped at: 0x0000020798000000-0x00000207d8000000, reserved size: 1073741824
Narrow klass base: 0x0000020797000000, Narrow klass shift: 0, Narrow klass range: 0x100000000

GC Precious Log:
 CPUs: 4 total, 4 available
 Memory: 3973M
 Large Page Support: Disabled
 NUMA Support: Disabled
 Compressed Oops: Enabled (32-bit)
 Heap Region Size: 1M
 Heap Min Capacity: 8M
 Heap Initial Capacity: 64M
 Heap Max Capacity: 994M
 Pre-touch: Disabled
 Parallel Workers: 4
 Concurrent Workers: 1
 Concurrent Refinement Workers: 4
 Periodic GC: Disabled

Heap:
 garbage-first heap   total 65536K, used 5120K [0x00000000c1e00000, 0x0000000100000000)
  region size 1024K, 6 young (6144K), 0 survivors (0K)
 Metaspace       used 6770K, committed 6848K, reserved 1114112K
  class space    used 795K, committed 832K, reserved 1048576K

Heap Regions: E=young(eden), S=young(survivor), O=old, HS=humongous(starts), HC=humongous(continues), CS=collection set, F=free, OA=open archive, CA=closed archive, TAMS=top-at-mark-start (previous, next)
|   0|0x00000000c1e00000, 0x00000000c1e00000, 0x00000000c1f00000|  0%| F|  |TAMS 0x00000000c1e00000, 0x00000000c1e00000| Untracked 
|   1|0x00000000c1f00000, 0x00000000c1f00000, 0x00000000c2000000|  0%| F|  |TAMS 0x00000000c1f00000, 0x00000000c1f00000| Untracked 
|   2|0x00000000c2000000, 0x00000000c2000000, 0x00000000c2100000|  0%| F|  |TAMS 0x00000000c2000000, 0x00000000c2000000| Untracked 
|   3|0x00000000c2100000, 0x00000000c2100000, 0x00000000c2200000|  0%| F|  |TAMS 0x00000000c2100000, 0x00000000c2100000| Untracked 
|   4|0x00000000c2200000, 0x00000000c2200000, 0x00000000c2300000|  0%| F|  |TAMS 0x00000000c2200000, 0x00000000c2200000| Untracked 
|   5|0x00000000c2300000, 0x00000000c2300000, 0x00000000c2400000|  0%| F|  |TAMS 0x00000000c2300000, 0x00000000c2300000| Untracked 
|   6|0x00000000c2400000, 0x00000000c2400000, 0x00000000c2500000|  0%| F|  |TAMS 0x00000000c2400000, 0x00000000c2400000| Untracked 
|   7|0x00000000c2500000, 0x00000000c2500000, 0x00000000c2600000|  0%| F|  |TAMS 0x00000000c2500000, 0x00000000c2500000| Untracked 
|   8|0x00000000c2600000, 0x00000000c2600000, 0x00000000c2700000|  0%| F|  |TAMS 0x00000000c2600000, 0x00000000c2600000| Untracked 
|   9|0x00000000c2700000, 0x00000000c2700000, 0x00000000c2800000|  0%| F|  |TAMS 0x00000000c2700000, 0x00000000c2700000| Untracked 
|  10|0x00000000c2800000, 0x00000000c2800000, 0x00000000c2900000|  0%| F|  |TAMS 0x00000000c2800000, 0x00000000c2800000| Untracked 
|  11|0x00000000c2900000, 0x00000000c2900000, 0x00000000c2a00000|  0%| F|  |TAMS 0x00000000c2900000, 0x00000000c2900000| Untracked 
|  12|0x00000000c2a00000, 0x00000000c2a00000, 0x00000000c2b00000|  0%| F|  |TAMS 0x00000000c2a00000, 0x00000000c2a00000| Untracked 
|  13|0x00000000c2b00000, 0x00000000c2b00000, 0x00000000c2c00000|  0%| F|  |TAMS 0x00000000c2b00000, 0x00000000c2b00000| Untracked 
|  14|0x00000000c2c00000, 0x00000000c2c00000, 0x00000000c2d00000|  0%| F|  |TAMS 0x00000000c2c00000, 0x00000000c2c00000| Untracked 
|  15|0x00000000c2d00000, 0x00000000c2d00000, 0x00000000c2e00000|  0%| F|  |TAMS 0x00000000c2d00000, 0x00000000c2d00000| Untracked 
|  16|0x00000000c2e00000, 0x00000000c2e00000, 0x00000000c2f00000|  0%| F|  |TAMS 0x00000000c2e00000, 0x00000000c2e00000| Untracked 
|  17|0x00000000c2f00000, 0x00000000c2f00000, 0x00000000c3000000|  0%| F|  |TAMS 0x00000000c2f00000, 0x00000000c2f00000| Untracked 
|  18|0x00000000c3000000, 0x00000000c3000000, 0x00000000c3100000|  0%| F|  |TAMS 0x00000000c3000000, 0x00000000c3000000| Untracked 
|  19|0x00000000c3100000, 0x00000000c3100000, 0x00000000c3200000|  0%| F|  |TAMS 0x00000000c3100000, 0x00000000c3100000| Untracked 
|  20|0x00000000c3200000, 0x00000000c3200000, 0x00000000c3300000|  0%| F|  |TAMS 0x00000000c3200000, 0x00000000c3200000| Untracked 
|  21|0x00000000c3300000, 0x00000000c3300000, 0x00000000c3400000|  0%| F|  |TAMS 0x00000000c3300000, 0x00000000c3300000| Untracked 
|  22|0x00000000c3400000, 0x00000000c3400000, 0x00000000c3500000|  0%| F|  |TAMS 0x00000000c3400000, 0x00000000c3400000| Untracked 
|  23|0x00000000c3500000, 0x00000000c3500000, 0x00000000c3600000|  0%| F|  |TAMS 0x00000000c3500000, 0x00000000c3500000| Untracked 
|  24|0x00000000c3600000, 0x00000000c3600000, 0x00000000c3700000|  0%| F|  |TAMS 0x00000000c3600000, 0x00000000c3600000| Untracked 
|  25|0x00000000c3700000, 0x00000000c3700000, 0x00000000c3800000|  0%| F|  |TAMS 0x00000000c3700000, 0x00000000c3700000| Untracked 
|  26|0x00000000c3800000, 0x00000000c3800000, 0x00000000c3900000|  0%| F|  |TAMS 0x00000000c3800000, 0x00000000c3800000| Untracked 
|  27|0x00000000c3900000, 0x00000000c3900000, 0x00000000c3a00000|  0%| F|  |TAMS 0x00000000c3900000, 0x00000000c3900000| Untracked 
|  28|0x00000000c3a00000, 0x00000000c3a00000, 0x00000000c3b00000|  0%| F|  |TAMS 0x00000000c3a00000, 0x00000000c3a00000| Untracked 
|  29|0x00000000c3b00000, 0x00000000c3b00000, 0x00000000c3c00000|  0%| F|  |TAMS 0x00000000c3b00000, 0x00000000c3b00000| Untracked 
|  30|0x00000000c3c00000, 0x00000000c3c00000, 0x00000000c3d00000|  0%| F|  |TAMS 0x00000000c3c00000, 0x00000000c3c00000| Untracked 
|  31|0x00000000c3d00000, 0x00000000c3d00000, 0x00000000c3e00000|  0%| F|  |TAMS 0x00000000c3d00000, 0x00000000c3d00000| Untracked 
|  32|0x00000000c3e00000, 0x00000000c3e00000, 0x00000000c3f00000|  0%| F|  |TAMS 0x00000000c3e00000, 0x00000000c3e00000| Untracked 
|  33|0x00000000c3f00000, 0x00000000c3f00000, 0x00000000c4000000|  0%| F|  |TAMS 0x00000000c3f00000, 0x00000000c3f00000| Untracked 
|  34|0x00000000c4000000, 0x00000000c4000000, 0x00000000c4100000|  0%| F|  |TAMS 0x00000000c4000000, 0x00000000c4000000| Untracked 
|  35|0x00000000c4100000, 0x00000000c4100000, 0x00000000c4200000|  0%| F|  |TAMS 0x00000000c4100000, 0x00000000c4100000| Untracked 
|  36|0x00000000c4200000, 0x00000000c4200000, 0x00000000c4300000|  0%| F|  |TAMS 0x00000000c4200000, 0x00000000c4200000| Untracked 
|  37|0x00000000c4300000, 0x00000000c4300000, 0x00000000c4400000|  0%| F|  |TAMS 0x00000000c4300000, 0x00000000c4300000| Untracked 
|  38|0x00000000c4400000, 0x00000000c4400000, 0x00000000c4500000|  0%| F|  |TAMS 0x00000000c4400000, 0x00000000c4400000| Untracked 
|  39|0x00000000c4500000, 0x00000000c4500000, 0x00000000c4600000|  0%| F|  |TAMS 0x00000000c4500000, 0x00000000c4500000| Untracked 
|  40|0x00000000c4600000, 0x00000000c4600000, 0x00000000c4700000|  0%| F|  |TAMS 0x00000000c4600000, 0x00000000c4600000| Untracked 
|  41|0x00000000c4700000, 0x00000000c4700000, 0x00000000c4800000|  0%| F|  |TAMS 0x00000000c4700000, 0x00000000c4700000| Untracked 
|  42|0x00000000c4800000, 0x00000000c4800000, 0x00000000c4900000|  0%| F|  |TAMS 0x00000000c4800000, 0x00000000c4800000| Untracked 
|  43|0x00000000c4900000, 0x00000000c4900000, 0x00000000c4a00000|  0%| F|  |TAMS 0x00000000c4900000, 0x00000000c4900000| Untracked 
|  44|0x00000000c4a00000, 0x00000000c4a00000, 0x00000000c4b00000|  0%| F|  |TAMS 0x00000000c4a00000, 0x00000000c4a00000| Untracked 
|  45|0x00000000c4b00000, 0x00000000c4b00000, 0x00000000c4c00000|  0%| F|  |TAMS 0x00000000c4b00000, 0x00000000c4b00000| Untracked 
|  46|0x00000000c4c00000, 0x00000000c4c00000, 0x00000000c4d00000|  0%| F|  |TAMS 0x00000000c4c00000, 0x00000000c4c00000| Untracked 
|  47|0x00000000c4d00000, 0x00000000c4d00000, 0x00000000c4e00000|  0%| F|  |TAMS 0x00000000c4d00000, 0x00000000c4d00000| Untracked 
|  48|0x00000000c4e00000, 0x00000000c4e00000, 0x00000000c4f00000|  0%| F|  |TAMS 0x00000000c4e00000, 0x00000000c4e00000| Untracked 
|  49|0x00000000c4f00000, 0x00000000c4f00000, 0x00000000c5000000|  0%| F|  |TAMS 0x00000000c4f00000, 0x00000000c4f00000| Untracked 
|  50|0x00000000c5000000, 0x00000000c5000000, 0x00000000c5100000|  0%| F|  |TAMS 0x00000000c5000000, 0x00000000c5000000| Untracked 
|  51|0x00000000c5100000, 0x00000000c5100000, 0x00000000c5200000|  0%| F|  |TAMS 0x00000000c5100000, 0x00000000c5100000| Untracked 
|  52|0x00000000c5200000, 0x00000000c5200000, 0x00000000c5300000|  0%| F|  |TAMS 0x00000000c5200000, 0x00000000c5200000| Untracked 
|  53|0x00000000c5300000, 0x00000000c5300000, 0x00000000c5400000|  0%| F|  |TAMS 0x00000000c5300000, 0x00000000c5300000| Untracked 
|  54|0x00000000c5400000, 0x00000000c5400000, 0x00000000c5500000|  0%| F|  |TAMS 0x00000000c5400000, 0x00000000c5400000| Untracked 
|  55|0x00000000c5500000, 0x00000000c5500000, 0x00000000c5600000|  0%| F|  |TAMS 0x00000000c5500000, 0x00000000c5500000| Untracked 
|  56|0x00000000c5600000, 0x00000000c5600000, 0x00000000c5700000|  0%| F|  |TAMS 0x00000000c5600000, 0x00000000c5600000| Untracked 
|  57|0x00000000c5700000, 0x00000000c5700000, 0x00000000c5800000|  0%| F|  |TAMS 0x00000000c5700000, 0x00000000c5700000| Untracked 
|  58|0x00000000c5800000, 0x00000000c58c8478, 0x00000000c5900000| 78%| E|  |TAMS 0x00000000c5800000, 0x00000000c5800000| Complete 
|  59|0x00000000c5900000, 0x00000000c5a00000, 0x00000000c5a00000|100%| E|CS|TAMS 0x00000000c5900000, 0x00000000c5900000| Complete 
|  60|0x00000000c5a00000, 0x00000000c5b00000, 0x00000000c5b00000|100%| E|CS|TAMS 0x00000000c5a00000, 0x00000000c5a00000| Complete 
|  61|0x00000000c5b00000, 0x00000000c5c00000, 0x00000000c5c00000|100%| E|CS|TAMS 0x00000000c5b00000, 0x00000000c5b00000| Complete 
|  62|0x00000000c5c00000, 0x00000000c5d00000, 0x00000000c5d00000|100%| E|CS|TAMS 0x00000000c5c00000, 0x00000000c5c00000| Complete 
|  63|0x00000000c5d00000, 0x00000000c5e00000, 0x00000000c5e00000|100%| E|CS|TAMS 0x00000000c5d00000, 0x00000000c5d00000| Complete 

Card table byte_map: [0x00000207fbb10000,0x00000207fbd10000] _byte_map_base: 0x00000207fb501000

Marking Bits (Prev, Next): (CMBitMap*) 0x00000207fb86ea80, (CMBitMap*) 0x00000207fb86eac0
 Prev Bits: [0x00000207fbf10000, 0x00000207fce98000)
 Next Bits: [0x00000207fcea0000, 0x00000207fde28000)

Polling page: 0x00000207f9770000

Metaspace:

Usage:
  Non-class:      5.84 MB used.
      Class:    795.43 KB used.
       Both:      6.61 MB used.

Virtual space:
  Non-class space:       64.00 MB reserved,       5.88 MB (  9%) committed,  1 nodes.
      Class space:        1.00 GB reserved,     832.00 KB ( <1%) committed,  1 nodes.
             Both:        1.06 GB reserved,       6.69 MB ( <1%) committed. 

Chunk freelists:
   Non-Class:  10.01 MB
       Class:  15.00 MB
        Both:  25.02 MB

MaxMetaspaceSize: unlimited
CompressedClassSpaceSize: 1.00 GB
Initial GC threshold: 21.00 MB
Current GC threshold: 21.00 MB
CDS: on
MetaspaceReclaimPolicy: balanced
 - commit_granule_bytes: 65536.
 - commit_granule_words: 8192.
 - virtual_space_node_default_size: 8388608.
 - enlarge_chunks_in_place: 1.
 - new_chunks_are_fully_committed: 0.
 - uncommit_free_chunks: 1.
 - use_allocation_guard: 0.
 - handle_deallocations: 1.


Internal statistics:

num_allocs_failed_limit: 0.
num_arena_births: 88.
num_arena_deaths: 0.
num_vsnodes_births: 2.
num_vsnodes_deaths: 0.
num_space_committed: 107.
num_space_uncommitted: 0.
num_chunks_returned_to_freelist: 0.
num_chunks_taken_from_freelist: 121.
num_chunk_merges: 0.
num_chunk_splits: 69.
num_chunks_enlarged: 22.
num_inconsistent_stats: 0.

CodeHeap 'non-profiled nmethods': size=120000Kb used=183Kb max_used=183Kb free=119816Kb
 bounds [0x000002078f2c0000, 0x000002078f530000, 0x00000207967f0000]
CodeHeap 'profiled nmethods': size=120000Kb used=1029Kb max_used=1029Kb free=118970Kb
 bounds [0x00000207877f0000, 0x0000020787a60000, 0x000002078ed20000]
CodeHeap 'non-nmethods': size=5760Kb used=1217Kb max_used=1236Kb free=4542Kb
 bounds [0x000002078ed20000, 0x000002078ef90000, 0x000002078f2c0000]
 total_blobs=1188 nmethods=660 adapters=441
 compilation: enabled
              stopped_count=0, restarted_count=0
 full_count=0

Compilation events (20 events):
Event: 2.225 Thread 0x00000207fb90e040 nmethod 650 0x00000207878ec410 code [0x00000207878ec600, 0x00000207878ecd18]
Event: 2.225 Thread 0x00000207fb90e040  654       3       javax.swing.plaf.nimbus.DerivedColor$UIResource::<init> (12 bytes)
Event: 2.225 Thread 0x00000207fb90e040 nmethod 654 0x00000207878ecf10 code [0x00000207878ed0c0, 0x00000207878ed328]
Event: 2.225 Thread 0x00000207fb90e040  653       3       javax.swing.plaf.nimbus.AbstractRegionPainter::decodeColor (39 bytes)
Event: 2.225 Thread 0x00000207fb90e040 nmethod 653 0x00000207878ed410 code [0x00000207878ed620, 0x00000207878edb98]
Event: 2.226 Thread 0x00000207fb90e040  651       3       javax.swing.plaf.nimbus.DerivedColor::clamp (21 bytes)
Event: 2.226 Thread 0x00000207fb90e040 nmethod 651 0x00000207878edd90 code [0x00000207878edf60, 0x00000207878ee178]
Event: 2.226 Thread 0x00000207fb90e040  655       3       java.util.HashMap$TreeNode::find (172 bytes)
Event: 2.227 Thread 0x00000207fb90e040 nmethod 655 0x00000207878ee210 code [0x00000207878ee440, 0x00000207878eeeb8]
Event: 2.227 Thread 0x00000207fb90e040  656       3       java.util.HashMap::comparableClassFor (115 bytes)
Event: 2.228 Thread 0x00000207fb90e040 nmethod 656 0x00000207878ef190 code [0x00000207878ef3e0, 0x00000207878efe28]
Event: 2.228 Thread 0x00000207fb90e040  652       1       javax.swing.plaf.nimbus.DerivedColor::getRGB (5 bytes)
Event: 2.228 Thread 0x00000207fb90e040 nmethod 652 0x000002078f2eca10 code [0x000002078f2ecba0, 0x000002078f2ecc78]
Event: 2.230 Thread 0x00000207fb90e040  657       3       jdk.internal.reflect.MagicAccessorImpl::<init> (5 bytes)
Event: 2.231 Thread 0x00000207fb90e040 nmethod 657 0x00000207878f0110 code [0x00000207878f02a0, 0x00000207878f03f8]
Event: 2.231 Thread 0x00000207fb90e040  658       3       javax.swing.MultiUIDefaults::get (67 bytes)
Event: 2.232 Thread 0x00000207fb90e040 nmethod 658 0x00000207878f0490 code [0x00000207878f0680, 0x00000207878f0b88]
Event: 2.232 Thread 0x00000207fb90e040  659       3       java.lang.Class::reflectionData (43 bytes)
Event: 2.232 Thread 0x00000207fb90e040 nmethod 659 0x00000207878f0d90 code [0x00000207878f0f60, 0x00000207878f1378]
Event: 2.232 Thread 0x00000207fb90ade0  660   !   4       sun.awt.AppContext::get (123 bytes)

GC Heap History (0 events):
No events

Deoptimization events (18 events):
Event: 1.642 Thread 0x00000207fb832b70 Uncommon trap: trap_request=0xffffff45 fr.pc=0x000002078f2cd760 relative=0x0000000000000800
Event: 1.642 Thread 0x00000207fb832b70 Uncommon trap: reason=unstable_if action=reinterpret pc=0x000002078f2cd760 method=java.util.HashMap.putVal(ILjava/lang/Object;Ljava/lang/Object;ZZ)Ljava/lang/Object; @ 236 c2
Event: 1.643 Thread 0x00000207fb832b70 DEOPT PACKING pc=0x000002078f2cd760 sp=0x00000035c91fe630
Event: 1.643 Thread 0x00000207fb832b70 DEOPT UNPACKING pc=0x000002078ed723a3 sp=0x00000035c91fe5d8 mode 2
Event: 2.197 Thread 0x00000207dc32c100 Uncommon trap: trap_request=0xffffff45 fr.pc=0x000002078f2ea868 relative=0x0000000000000248
Event: 2.197 Thread 0x00000207dc32c100 Uncommon trap: reason=unstable_if action=reinterpret pc=0x000002078f2ea868 method=java.util.HashMap.getNode(Ljava/lang/Object;)Ljava/util/HashMap$Node; @ 85 c2
Event: 2.197 Thread 0x00000207dc32c100 DEOPT PACKING pc=0x000002078f2ea868 sp=0x00000035ca7fd560
Event: 2.197 Thread 0x00000207dc32c100 DEOPT UNPACKING pc=0x000002078ed723a3 sp=0x00000035ca7fd4d0 mode 2
Event: 2.204 Thread 0x00000207dc32c100 DEOPT PACKING pc=0x000002078780d7e7 sp=0x00000035ca7fe280
Event: 2.204 Thread 0x00000207dc32c100 DEOPT UNPACKING pc=0x000002078ed72b43 sp=0x00000035ca7fd6a0 mode 0
Event: 2.210 Thread 0x00000207dc32c100 Uncommon trap: trap_request=0xffffff45 fr.pc=0x000002078f2df718 relative=0x0000000000000098
Event: 2.210 Thread 0x00000207dc32c100 Uncommon trap: reason=unstable_if action=reinterpret pc=0x000002078f2df718 method=java.util.HashMap.hash(Ljava/lang/Object;)I @ 1 c2
Event: 2.210 Thread 0x00000207dc32c100 DEOPT PACKING pc=0x000002078f2df718 sp=0x00000035ca7fe200
Event: 2.210 Thread 0x00000207dc32c100 DEOPT UNPACKING pc=0x000002078ed723a3 sp=0x00000035ca7fe198 mode 2
Event: 2.224 Thread 0x00000207dc32c100 Uncommon trap: trap_request=0xffffff45 fr.pc=0x000002078f2e7f48 relative=0x0000000000000a68
Event: 2.224 Thread 0x00000207dc32c100 Uncommon trap: reason=unstable_if action=reinterpret pc=0x000002078f2e7f48 method=java.util.HashMap.resize()[Ljava/util/HashMap$Node; @ 203 c2
Event: 2.224 Thread 0x00000207dc32c100 DEOPT PACKING pc=0x000002078f2e7f48 sp=0x00000035ca7fcc40
Event: 2.224 Thread 0x00000207dc32c100 DEOPT UNPACKING pc=0x000002078ed723a3 sp=0x00000035ca7fcbe0 mode 2

Classes unloaded (0 events):
No events

Classes redefined (0 events):
No events

Internal exceptions (20 events):
Event: 2.053 Thread 0x00000207fb832b70 Exception <a 'java/lang/ClassNotFoundException'{0x00000000c599b420}: TextArea> (0x00000000c599b420) 
thrown [s\open\src\hotspot\share\classfile\systemDictionary.cpp, line 256]
Event: 2.055 Thread 0x00000207fb832b70 Exception <a 'java/lang/ClassNotFoundException'{0x00000000c599bd60}: TextPane> (0x00000000c599bd60) 
thrown [s\open\src\hotspot\share\classfile\systemDictionary.cpp, line 256]
Event: 2.055 Thread 0x00000207fb832b70 Exception <a 'java/lang/ClassNotFoundException'{0x00000000c599c1c8}: EditorPane> (0x00000000c599c1c8) 
thrown [s\open\src\hotspot\share\classfile\systemDictionary.cpp, line 256]
Event: 2.056 Thread 0x00000207fb832b70 Exception <a 'java/lang/ClassNotFoundException'{0x00000000c599cb28}: ToolBar> (0x00000000c599cb28) 
thrown [s\open\src\hotspot\share\classfile\systemDictionary.cpp, line 256]
Event: 2.056 Thread 0x00000207fb832b70 Exception <a 'java/lang/ClassNotFoundException'{0x00000000c599d020}: ToolBar> (0x00000000c599d020) 
thrown [s\open\src\hotspot\share\classfile\systemDictionary.cpp, line 256]
Event: 2.056 Thread 0x00000207fb832b70 Exception <a 'java/lang/ClassNotFoundException'{0x00000000c599d380}: Button> (0x00000000c599d380) 
thrown [s\open\src\hotspot\share\classfile\systemDictionary.cpp, line 256]
Event: 2.056 Thread 0x00000207fb832b70 Exception <a 'java/lang/ClassNotFoundException'{0x00000000c599d848}: ToolBar> (0x00000000c599d848) 
thrown [s\open\src\hotspot\share\classfile\systemDictionary.cpp, line 256]
Event: 2.056 Thread 0x00000207fb832b70 Exception <a 'java/lang/ClassNotFoundException'{0x00000000c599dbb8}: ToggleButton> (0x00000000c599dbb8) 
thrown [s\open\src\hotspot\share\classfile\systemDictionary.cpp, line 256]
Event: 2.056 Thread 0x00000207fb832b70 Exception <a 'java/lang/ClassNotFoundException'{0x00000000c599dff8}: javax/swing/JToolBarSeparator> (0x00000000c599dff8) 
thrown [s\open\src\hotspot\share\classfile\systemDictionary.cpp, line 256]
Event: 2.056 Thread 0x00000207fb832b70 Exception <a 'java/lang/ClassNotFoundException'{0x00000000c599e300}: ToolBarSeparator> (0x00000000c599e300) 
thrown [s\open\src\hotspot\share\classfile\systemDictionary.cpp, line 256]
Event: 2.057 Thread 0x00000207fb832b70 Exception <a 'java/lang/ClassNotFoundException'{0x00000000c599e818}: ToolTip> (0x00000000c599e818) 
thrown [s\open\src\hotspot\share\classfile\systemDictionary.cpp, line 256]
Event: 2.059 Thread 0x00000207fb832b70 Exception <a 'java/lang/ClassNotFoundException'{0x00000000c599f168}: Tree> (0x00000000c599f168) 
thrown [s\open\src\hotspot\share\classfile\systemDictionary.cpp, line 256]
Event: 2.060 Thread 0x00000207fb832b70 Exception <a 'java/lang/ClassNotFoundException'{0x00000000c599f660}: Tree> (0x00000000c599f660) 
thrown [s\open\src\hotspot\share\classfile\systemDictionary.cpp, line 256]
Event: 2.060 Thread 0x00000207fb832b70 Exception <a 'java/lang/ClassNotFoundException'{0x00000000c599f9d0}: javax/swing/JTreeCell> (0x00000000c599f9d0) 
thrown [s\open\src\hotspot\share\classfile\systemDictionary.cpp, line 256]
Event: 2.060 Thread 0x00000207fb832b70 Exception <a 'java/lang/ClassNotFoundException'{0x00000000c599fcd0}: TreeCell> (0x00000000c599fcd0) 
thrown [s\open\src\hotspot\share\classfile\systemDictionary.cpp, line 256]
Event: 2.061 Thread 0x00000207fb832b70 Exception <a 'java/lang/ClassNotFoundException'{0x00000000c59a0490}: RootPane> (0x00000000c59a0490) 
thrown [s\open\src\hotspot\share\classfile\systemDictionary.cpp, line 256]
Event: 2.066 Thread 0x00000207fb832b70 Exception <a 'java/lang/ClassNotFoundException'{0x00000000c59a32e0}: com/sun/swing/internal/plaf/metal/resources/spi/metalProvider> (0x00000000c59a32e0) 
thrown [s\open\src\hotspot\share\classfile\systemDictionary.cpp, line 256]
Event: 2.068 Thread 0x00000207fb832b70 Exception <a 'java/lang/ClassNotFoundException'{0x00000000c59a6e90}: com/sun/swing/internal/plaf/basic/resources/spi/basicProvider> (0x00000000c59a6e90) 
thrown [s\open\src\hotspot\share\classfile\systemDictionary.cpp, line 256]
Event: 2.137 Thread 0x00000207dc32c100 Exception <a 'java/lang/ClassNotFoundException'{0x00000000c58571c8}: com/sun/swing/internal/plaf/synth/resources/spi/synthProvider> (0x00000000c58571c8) 
thrown [s\open\src\hotspot\share\classfile\systemDictionary.cpp, line 256]
Event: 2.210 Thread 0x00000207dc32c100 Implicit null exception at 0x000002078f2df68f to 0x000002078f2df709

VM Operations (6 events):
Event: 0.617 Executing VM operation: HandshakeAllThreads
Event: 0.617 Executing VM operation: HandshakeAllThreads done
Event: 1.617 Executing VM operation: Cleanup
Event: 1.617 Executing VM operation: Cleanup done
Event: 1.982 Executing VM operation: HandshakeAllThreads
Event: 1.982 Executing VM operation: HandshakeAllThreads done

Events (20 events):
Event: 2.220 loading class javax/swing/AbstractButton$Handler done
Event: 2.220 loading class javax/swing/plaf/synth/SynthButtonUI
Event: 2.221 loading class javax/swing/plaf/basic/BasicButtonUI
Event: 2.222 loading class javax/swing/plaf/ButtonUI
Event: 2.222 loading class javax/swing/plaf/ButtonUI done
Event: 2.222 loading class javax/swing/plaf/basic/BasicButtonUI done
Event: 2.222 loading class javax/swing/plaf/synth/SynthButtonUI done
Event: 2.222 loading class javax/swing/plaf/nimbus/ButtonPainter
Event: 2.223 loading class javax/swing/plaf/nimbus/ButtonPainter done
Event: 2.228 loading class javax/swing/plaf/basic/BasicButtonListener
Event: 2.228 loading class javax/swing/plaf/basic/BasicButtonListener done
Event: 2.229 loading class javax/swing/event/AncestorListener
Event: 2.229 loading class javax/swing/event/AncestorListener done
Event: 2.229 loading class java/beans/VetoableChangeListener
Event: 2.230 loading class java/beans/VetoableChangeListener done
Event: 2.232 loading class java/awt/image/BufferedImage
Event: 2.233 loading class java/awt/image/WritableRenderedImage
Event: 2.234 loading class java/awt/image/RenderedImage
Event: 2.234 loading class java/awt/image/RenderedImage done
Event: 2.234 loading class java/awt/image/WritableRenderedImage done


Dynamic libraries:
0x00007ff7cc300000 - 0x00007ff7cc310000 	C:\Program Files\Java\jdk-17.0.12\bin\java.exe
0x00007fff01150000 - 0x00007fff01348000 	C:\WINDOWS\SYSTEM32\ntdll.dll
0x00007ffeff2b0000 - 0x00007ffeff372000 	C:\WINDOWS\System32\KERNEL32.DLL
0x00007ffefeb40000 - 0x00007ffefee3e000 	C:\WINDOWS\System32\KERNELBASE.dll
0x00007ffefee70000 - 0x00007ffefef70000 	C:\WINDOWS\System32\ucrtbase.dll
0x00007ffef5560000 - 0x00007ffef557b000 	C:\Program Files\Java\jdk-17.0.12\bin\VCRUNTIME140.dll
0x00007ffef9df0000 - 0x00007ffef9e09000 	C:\Program Files\Java\jdk-17.0.12\bin\jli.dll
0x00007ffeff1f0000 - 0x00007ffeff2a1000 	C:\WINDOWS\System32\ADVAPI32.dll
0x00007fff01070000 - 0x00007fff0110e000 	C:\WINDOWS\System32\msvcrt.dll
0x00007fff001d0000 - 0x00007fff0026f000 	C:\WINDOWS\System32\sechost.dll
0x00007fff00040000 - 0x00007fff00163000 	C:\WINDOWS\System32\RPCRT4.dll
0x00007ffefe7f0000 - 0x00007ffefe817000 	C:\WINDOWS\System32\bcrypt.dll
0x00007ffee8d90000 - 0x00007ffee902a000 	C:\WINDOWS\WinSxS\amd64_microsoft.windows.common-controls_6595b64144ccf1df_6.0.19041.4355_none_60b8b9eb71f62e16\COMCTL32.dll
0x00007fff00d80000 - 0x00007fff00dab000 	C:\WINDOWS\System32\GDI32.dll
0x00007ffefee40000 - 0x00007ffefee62000 	C:\WINDOWS\System32\win32u.dll
0x00007ffefef70000 - 0x00007ffeff087000 	C:\WINDOWS\System32\gdi32full.dll
0x00007ffefe890000 - 0x00007ffefe92d000 	C:\WINDOWS\System32\msvcp_win.dll
0x00007fff00ed0000 - 0x00007fff0106d000 	C:\WINDOWS\System32\USER32.dll
0x00007ffef5c30000 - 0x00007ffef5c3a000 	C:\WINDOWS\SYSTEM32\VERSION.dll
0x00007fff005b0000 - 0x00007fff005df000 	C:\WINDOWS\System32\IMM32.DLL
0x00007ffef91b0000 - 0x00007ffef91bc000 	C:\Program Files\Java\jdk-17.0.12\bin\vcruntime140_1.dll
0x00007ffed48d0000 - 0x00007ffed495e000 	C:\Program Files\Java\jdk-17.0.12\bin\msvcp140.dll
0x00007ffec5b00000 - 0x00007ffec66e0000 	C:\Program Files\Java\jdk-17.0.12\bin\server\jvm.dll
0x00007fff00690000 - 0x00007fff00698000 	C:\WINDOWS\System32\PSAPI.DLL
0x00007ffef9770000 - 0x00007ffef9779000 	C:\WINDOWS\SYSTEM32\WSOCK32.dll
0x00007fff00e60000 - 0x00007fff00ecb000 	C:\WINDOWS\System32\WS2_32.dll
0x00007ffee4bc0000 - 0x00007ffee4be7000 	C:\WINDOWS\SYSTEM32\WINMM.dll
0x00007ffefc670000 - 0x00007ffefc682000 	C:\WINDOWS\SYSTEM32\kernel.appcore.dll
0x00007ffef0e00000 - 0x00007ffef0e0a000 	C:\Program Files\Java\jdk-17.0.12\bin\jimage.dll
0x00007ffef5200000 - 0x00007ffef53e4000 	C:\WINDOWS\SYSTEM32\DBGHELP.DLL
0x00007ffee4a30000 - 0x00007ffee4a64000 	C:\WINDOWS\SYSTEM32\dbgcore.DLL
0x00007ffeff0e0000 - 0x00007ffeff162000 	C:\WINDOWS\System32\bcryptPrimitives.dll
0x00007ffef54f0000 - 0x00007ffef5515000 	C:\Program Files\Java\jdk-17.0.12\bin\java.dll
0x00007ffeda8c0000 - 0x00007ffeda997000 	C:\Program Files\Java\jdk-17.0.12\bin\jsvml.dll
0x00007ffeff380000 - 0x00007ffeffaed000 	C:\WINDOWS\System32\SHELL32.dll
0x00007ffefc870000 - 0x00007ffefd014000 	C:\WINDOWS\SYSTEM32\windows.storage.dll
0x00007ffeffb50000 - 0x00007ffeffea3000 	C:\WINDOWS\System32\combase.dll
0x00007ffefe150000 - 0x00007ffefe17e000 	C:\WINDOWS\SYSTEM32\Wldp.dll
0x00007fff00cb0000 - 0x00007fff00d7d000 	C:\WINDOWS\System32\OLEAUT32.dll
0x00007fff005e0000 - 0x00007fff0068d000 	C:\WINDOWS\System32\SHCORE.dll
0x00007fff00170000 - 0x00007fff001c5000 	C:\WINDOWS\System32\shlwapi.dll
0x00007ffefe720000 - 0x00007ffefe744000 	C:\WINDOWS\SYSTEM32\profapi.dll
0x00007ffee92d0000 - 0x00007ffee92e9000 	C:\Program Files\Java\jdk-17.0.12\bin\net.dll
0x00007ffef0770000 - 0x00007ffef087d000 	C:\WINDOWS\SYSTEM32\WINHTTP.dll
0x00007ffefdeb0000 - 0x00007ffefdf1a000 	C:\WINDOWS\system32\mswsock.dll
0x00007ffee9040000 - 0x00007ffee9056000 	C:\Program Files\Java\jdk-17.0.12\bin\nio.dll
0x00007ffee8640000 - 0x00007ffee8658000 	C:\Program Files\Java\jdk-17.0.12\bin\zip.dll
0x00007ffec5960000 - 0x00007ffec5af1000 	C:\Program Files\Java\jdk-17.0.12\bin\awt.dll
0x00007ffefbca0000 - 0x00007ffefbd34000 	C:\WINDOWS\SYSTEM32\apphelp.dll
0x00007ffefc160000 - 0x00007ffefc1fe000 	C:\WINDOWS\system32\uxtheme.dll
0x00007fff00280000 - 0x00007fff00395000 	C:\WINDOWS\System32\MSCTF.dll
0x00007ffeffeb0000 - 0x00007ffefffdb000 	C:\WINDOWS\System32\ole32.dll
0x00007ffefc270000 - 0x00007ffefc29f000 	C:\WINDOWS\system32\DWMAPI.DLL
0x00007ffed4840000 - 0x00007ffed48c7000 	C:\Program Files\Java\jdk-17.0.12\bin\freetype.dll
0x00007ffed2a00000 - 0x00007ffed2ae1000 	C:\Program Files\Java\jdk-17.0.12\bin\fontmanager.dll
0x00007ffed5450000 - 0x00007ffed5578000 	C:\WINDOWS\system32\opengl32.dll
0x00007ffed5420000 - 0x00007ffed544c000 	C:\WINDOWS\SYSTEM32\GLU32.dll

dbghelp: loaded successfully - version: 4.0.5 - missing functions: none
symbol engine: initialized successfully - sym options: 0x614 - pdb path: .;C:\Program Files\Java\jdk-17.0.12\bin;C:\WINDOWS\SYSTEM32;C:\WINDOWS\WinSxS\amd64_microsoft.windows.common-controls_6595b64144ccf1df_6.0.19041.4355_none_60b8b9eb71f62e16;C:\Program Files\Java\jdk-17.0.12\bin\server

VM Arguments:
jvm_args: -Dfile.encoding=UTF-8 --module-path=C:\Users\Yogesh\Desktop\BankMangementSystem\BankMangementSystem\build\classes 
java_command: com.yogesh.frontend.Dashboard
java_class_path (initial): C:\Users\Yogesh\Desktop\BankMangementSystem\ojdbc14.jar;C:\Program Files\NetBeans-23\netbeans\java\modules\ext\AbsoluteLayout.jar;C:\Users\Yogesh\Desktop\BankMangementSystem\BankMangementSystem\build\classes
Launcher Type: SUN_STANDARD

[Global flags]
     intx CICompilerCount                          = 3                                         {product} {ergonomic}
     uint ConcGCThreads                            = 1                                         {product} {ergonomic}
     uint G1ConcRefinementThreads                  = 4                                         {product} {ergonomic}
   size_t G1HeapRegionSize                         = 1048576                                   {product} {ergonomic}
    uintx GCDrainStackTargetSize                   = 64                                        {product} {ergonomic}
   size_t InitialHeapSize                          = 67108864                                  {product} {ergonomic}
   size_t MarkStackSize                            = 4194304                                   {product} {ergonomic}
   size_t MaxHeapSize                              = 1042284544                                {product} {ergonomic}
   size_t MaxNewSize                               = 624951296                                 {product} {ergonomic}
   size_t MinHeapDeltaBytes                        = 1048576                                   {product} {ergonomic}
   size_t MinHeapSize                              = 8388608                                   {product} {ergonomic}
    uintx NonNMethodCodeHeapSize                   = 5832780                                {pd product} {ergonomic}
    uintx NonProfiledCodeHeapSize                  = 122912730                              {pd product} {ergonomic}
    uintx ProfiledCodeHeapSize                     = 122912730                              {pd product} {ergonomic}
    uintx ReservedCodeCacheSize                    = 251658240                              {pd product} {ergonomic}
     bool SegmentedCodeCache                       = true                                      {product} {ergonomic}
   size_t SoftMaxHeapSize                          = 1042284544                             {manageable} {ergonomic}
     bool UseCompressedClassPointers               = true                           {product lp64_product} {ergonomic}
     bool UseCompressedOops                        = true                           {product lp64_product} {ergonomic}
     bool UseG1GC                                  = true                                      {product} {ergonomic}
     bool UseLargePagesIndividualAllocation        = false                                  {pd product} {ergonomic}

Logging:
Log output configuration:
 #0: stdout all=warning uptime,level,tags
 #1: stderr all=off uptime,level,tags

Environment Variables:
PATH=C:\oraclexe\app\oracle\product\10.2.0\server\bin;C:\Program Files\Java\jdk1.8.0_201\bin;C:\Users\Yogesh\AppData\Roaming\npm;C:\Program Files\nodejs\;C:\Windows\System32;C:\Program Files\MongoDB\Server\7.0\bin;C:\Program Files\Java\jdk1.8.0_201\bin;C:\Users\Yogesh\AppData\Local\Programs\Microsoft VS Code\bin;C:\MinGW\bin;C:\Users\Yogesh\AppData\Roaming\npm;C:\Windows\System32;C:\Users\Yogesh\AppData\Local\Programs\mongosh\;C:\Program Files\MongoDB\Server\7.0\bin;
USERNAME=Yogesh
OS=Windows_NT
PROCESSOR_IDENTIFIER=Intel64 Family 6 Model 78 Stepping 3, GenuineIntel



---------------  S Y S T E M  ---------------

OS:
 Windows 10 , 64 bit Build 19041 (10.0.19041.5072)
OS uptime: 0 days 1:36 hours

CPU: total 4 (initial active 4) (2 cores per cpu, 2 threads per core) family 6 model 78 stepping 3 microcode 0xcc, cx8, cmov, fxsr, ht, mmx, 3dnowpref, sse, sse2, sse3, ssse3, sse4.1, sse4.2, popcnt, lzcnt, tsc, tscinvbit, avx, avx2, aes, erms, clmul, bmi1, bmi2, adx, fma, vzeroupper, clflush, clflushopt

Memory: 4k page, system-wide physical 3973M (210M free)
TotalPageFile size 7973M (AvailPageFile size 0M)
current process WorkingSet (physical memory assigned to process): 55M, peak: 55M
current process commit charge ("private bytes"): 149M, peak: 149M

vm_info: Java HotSpot(TM) 64-Bit Server VM (17.0.12+8-LTS-286) for windows-amd64 JRE (17.0.12+8-LTS-286), built on Jun  5 2024 06:46:59 by "mach5one" with MS VC++ 17.6 (VS2022)

END.
