#
# There is insufficient memory for the Java Runtime Environment to continue.
# Native memory allocation (malloc) failed to allocate 250816 bytes for Chunk::new
# Possible reasons:
#   The system is out of physical RAM or swap space
#   The process is running with CompressedOops enabled, and the Java Heap may be blocking the growth of the native heap
# Possible solutions:
#   Reduce memory load on the system
#   Increase physical memory or swap space
#   Check if swap backing store is full
#   Decrease Java heap size (-Xmx/-Xms)
#   Decrease number of Java threads
#   Decrease Java thread stack sizes (-Xss)
#   Set larger code cache with -XX:ReservedCodeCacheSize=
#   JVM is running with Unscaled Compressed Oops mode in which the Java heap is
#     placed in the first 4GB address space. The Java Heap base address is the
#     maximum limit for the native heap growth. Please use -XX:HeapBaseMinAddress
#     to set the Java Heap base and to place the Java Heap above 4GB virtual address.
# This output file may be truncated or incomplete.
#
#  Out of Memory Error (arena.cpp:189), pid=1516, tid=11864
#
# JRE version: Java(TM) SE Runtime Environment (17.0.12+8) (build 17.0.12+8-LTS-286)
# Java VM: Java HotSpot(TM) 64-Bit Server VM (17.0.12+8-LTS-286, mixed mode, sharing, tiered, compressed oops, compressed class ptrs, g1 gc, windows-amd64)
# No core dump will be written. Minidumps are not enabled by default on client versions of Windows
#

---------------  S U M M A R Y ------------

Command Line: -Dfile.encoding=UTF-8 --module-path=C:\Users\Yogesh\Desktop\BankMangementSystem\BankMangementSystem\build\classes com.yogesh.frontend.Dashboard

Host: Intel(R) Core(TM) i3-6006U CPU @ 2.00GHz, 4 cores, 3G,  Windows 10 , 64 bit Build 19041 (10.0.19041.5072)
Time: Thu Dec 19 15:44:06 2024 India Standard Time elapsed time: 0.527479 seconds (0d 0h 0m 0s)

---------------  T H R E A D  ---------------

Current thread (0x000001695e25e5c0):  JavaThread "C2 CompilerThread0" daemon [_thread_in_native, id=11864, stack(0x0000001fed700000,0x0000001fed800000)]


Current CompileTask:
C2:    527  557       4       java.util.HashMap::resize (356 bytes)

Stack: [0x0000001fed700000,0x0000001fed800000]
Native frames: (J=compiled Java code, j=interpreted, Vv=VM code, C=native code)
V  [jvm.dll+0x67a04a]
V  [jvm.dll+0x7da4ed]
V  [jvm.dll+0x7dbe33]
V  [jvm.dll+0x7dc4a3]
V  [jvm.dll+0x24508f]
V  [jvm.dll+0xab773]
V  [jvm.dll+0xabd3c]
V  [jvm.dll+0x361bee]
V  [jvm.dll+0x32c431]
V  [jvm.dll+0x32b8ca]
V  [jvm.dll+0x21683f]
V  [jvm.dll+0x215c6f]
V  [jvm.dll+0x1a2960]
V  [jvm.dll+0x22610b]
V  [jvm.dll+0x2242ab]
V  [jvm.dll+0x79075c]
V  [jvm.dll+0x78abea]
V  [jvm.dll+0x678f35]
C  [ucrtbase.dll+0x21bb2]
C  [KERNEL32.DLL+0x17374]
C  [ntdll.dll+0x4cc91]


---------------  P R O C E S S  ---------------

Threads class SMR info:
_java_thread_list=0x000001695e6d83e0, length=16, elements={
0x000001695e23b1a0, 0x000001695e23df40, 0x000001695e24e7a0, 0x000001695e251080,
0x000001695e251950, 0x000001695e252220, 0x000001695e25e5c0, 0x000001695e260ee0,
0x000001695e26f840, 0x000001695e42e070, 0x000001695e509a40, 0x000001695e6a0010,
0x000001695e6bd310, 0x000001695e6be000, 0x000001695e770250, 0x00000169410a3af0
}

Java Threads: ( => current thread )
  0x000001695e23b1a0 JavaThread "Reference Handler" daemon [_thread_blocked, id=2232, stack(0x0000001fed100000,0x0000001fed200000)]
  0x000001695e23df40 JavaThread "Finalizer" daemon [_thread_blocked, id=4652, stack(0x0000001fed200000,0x0000001fed300000)]
  0x000001695e24e7a0 JavaThread "Signal Dispatcher" daemon [_thread_blocked, id=7592, stack(0x0000001fed300000,0x0000001fed400000)]
  0x000001695e251080 JavaThread "Attach Listener" daemon [_thread_blocked, id=1232, stack(0x0000001fed400000,0x0000001fed500000)]
  0x000001695e251950 JavaThread "Service Thread" daemon [_thread_blocked, id=7572, stack(0x0000001fed500000,0x0000001fed600000)]
  0x000001695e252220 JavaThread "Monitor Deflation Thread" daemon [_thread_blocked, id=6640, stack(0x0000001fed600000,0x0000001fed700000)]
=>0x000001695e25e5c0 JavaThread "C2 CompilerThread0" daemon [_thread_in_native, id=11864, stack(0x0000001fed700000,0x0000001fed800000)]
  0x000001695e260ee0 JavaThread "C1 CompilerThread0" daemon [_thread_in_native, id=7700, stack(0x0000001fed800000,0x0000001fed900000)]
  0x000001695e26f840 JavaThread "Sweeper thread" daemon [_thread_blocked, id=11428, stack(0x0000001fed900000,0x0000001feda00000)]
  0x000001695e42e070 JavaThread "Common-Cleaner" daemon [_thread_blocked, id=11660, stack(0x0000001feda00000,0x0000001fedb00000)]
  0x000001695e509a40 JavaThread "Notification Thread" daemon [_thread_blocked, id=11804, stack(0x0000001fedb00000,0x0000001fedc00000)]
  0x000001695e6a0010 JavaThread "Java2D Disposer" daemon [_thread_blocked, id=11824, stack(0x0000001fedd00000,0x0000001fede00000)]
  0x000001695e6bd310 JavaThread "AWT-Shutdown" [_thread_blocked, id=11828, stack(0x0000001fede00000,0x0000001fedf00000)]
  0x000001695e6be000 JavaThread "AWT-Windows" daemon [_thread_in_native, id=11832, stack(0x0000001fedf00000,0x0000001fee000000)]
  0x000001695e770250 JavaThread "AWT-EventQueue-0" [_thread_in_Java, id=11632, stack(0x0000001fee000000,0x0000001fee100000)]
  0x00000169410a3af0 JavaThread "DestroyJavaVM" [_thread_blocked, id=7488, stack(0x0000001feca00000,0x0000001fecb00000)]

Other Threads:
  0x000001695e236680 VMThread "VM Thread" [stack: 0x0000001fed000000,0x0000001fed100000] [id=9292]
  0x00000169410f3720 WatcherThread [stack: 0x0000001fedc00000,0x0000001fedd00000] [id=11820]
  0x00000169410df6f0 GCTaskThread "GC Thread#0" [stack: 0x0000001fecb00000,0x0000001fecc00000] [id=2176]
  0x00000169410e8190 ConcurrentGCThread "G1 Main Marker" [stack: 0x0000001fecc00000,0x0000001fecd00000] [id=2240]
  0x00000169410e9250 ConcurrentGCThread "G1 Conc#0" [stack: 0x0000001fecd00000,0x0000001fece00000] [id=9608]
  0x00000169411637b0 ConcurrentGCThread "G1 Refine#0" [stack: 0x0000001fece00000,0x0000001fecf00000] [id=2284]
  0x00000169411640f0 ConcurrentGCThread "G1 Service" [stack: 0x0000001fecf00000,0x0000001fed000000] [id=11476]

Threads with active compile tasks:
C2 CompilerThread0      604  557       4       java.util.HashMap::resize (356 bytes)
C1 CompilerThread0      604  585       3       javax.swing.UIDefaults$TextAndMnemonicHashMap::get (358 bytes)

VM state: not at safepoint (normal execution)

VM Mutex/Monitor currently owned by a thread: None

Heap address: 0x00000000c1e00000, size: 994 MB, Compressed Oops mode: 32-bit

CDS archive(s) mapped at: [0x000001695f000000-0x000001695fbd0000-0x000001695fbd0000), size 12386304, SharedBaseAddress: 0x000001695f000000, ArchiveRelocationMode: 1.
Compressed class space mapped at: 0x0000016960000000-0x00000169a0000000, reserved size: 1073741824
Narrow klass base: 0x000001695f000000, Narrow klass shift: 0, Narrow klass range: 0x100000000

GC Precious Log:
 CPUs: 4 total, 4 available
 Memory: 3973M
 Large Page Support: Disabled
 NUMA Support: Disabled
 Compressed Oops: Enabled (32-bit)
 Heap Region Size: 1M
 Heap Min Capacity: 8M
 Heap Initial Capacity: 64M
 Heap Max Capacity: 994M
 Pre-touch: Disabled
 Parallel Workers: 4
 Concurrent Workers: 1
 Concurrent Refinement Workers: 4
 Periodic GC: Disabled

Heap:
 garbage-first heap   total 65536K, used 5120K [0x00000000c1e00000, 0x0000000100000000)
  region size 1024K, 6 young (6144K), 0 survivors (0K)
 Metaspace       used 6974K, committed 7104K, reserved 1114112K
  class space    used 827K, committed 896K, reserved 1048576K

Heap Regions: E=young(eden), S=young(survivor), O=old, HS=humongous(starts), HC=humongous(continues), CS=collection set, F=free, OA=open archive, CA=closed archive, TAMS=top-at-mark-start (previous, next)
|   0|0x00000000c1e00000, 0x00000000c1e00000, 0x00000000c1f00000|  0%| F|  |TAMS 0x00000000c1e00000, 0x00000000c1e00000| Untracked 
|   1|0x00000000c1f00000, 0x00000000c1f00000, 0x00000000c2000000|  0%| F|  |TAMS 0x00000000c1f00000, 0x00000000c1f00000| Untracked 
|   2|0x00000000c2000000, 0x00000000c2000000, 0x00000000c2100000|  0%| F|  |TAMS 0x00000000c2000000, 0x00000000c2000000| Untracked 
|   3|0x00000000c2100000, 0x00000000c2100000, 0x00000000c2200000|  0%| F|  |TAMS 0x00000000c2100000, 0x00000000c2100000| Untracked 
|   4|0x00000000c2200000, 0x00000000c2200000, 0x00000000c2300000|  0%| F|  |TAMS 0x00000000c2200000, 0x00000000c2200000| Untracked 
|   5|0x00000000c2300000, 0x00000000c2300000, 0x00000000c2400000|  0%| F|  |TAMS 0x00000000c2300000, 0x00000000c2300000| Untracked 
|   6|0x00000000c2400000, 0x00000000c2400000, 0x00000000c2500000|  0%| F|  |TAMS 0x00000000c2400000, 0x00000000c2400000| Untracked 
|   7|0x00000000c2500000, 0x00000000c2500000, 0x00000000c2600000|  0%| F|  |TAMS 0x00000000c2500000, 0x00000000c2500000| Untracked 
|   8|0x00000000c2600000, 0x00000000c2600000, 0x00000000c2700000|  0%| F|  |TAMS 0x00000000c2600000, 0x00000000c2600000| Untracked 
|   9|0x00000000c2700000, 0x00000000c2700000, 0x00000000c2800000|  0%| F|  |TAMS 0x00000000c2700000, 0x00000000c2700000| Untracked 
|  10|0x00000000c2800000, 0x00000000c2800000, 0x00000000c2900000|  0%| F|  |TAMS 0x00000000c2800000, 0x00000000c2800000| Untracked 
|  11|0x00000000c2900000, 0x00000000c2900000, 0x00000000c2a00000|  0%| F|  |TAMS 0x00000000c2900000, 0x00000000c2900000| Untracked 
|  12|0x00000000c2a00000, 0x00000000c2a00000, 0x00000000c2b00000|  0%| F|  |TAMS 0x00000000c2a00000, 0x00000000c2a00000| Untracked 
|  13|0x00000000c2b00000, 0x00000000c2b00000, 0x00000000c2c00000|  0%| F|  |TAMS 0x00000000c2b00000, 0x00000000c2b00000| Untracked 
|  14|0x00000000c2c00000, 0x00000000c2c00000, 0x00000000c2d00000|  0%| F|  |TAMS 0x00000000c2c00000, 0x00000000c2c00000| Untracked 
|  15|0x00000000c2d00000, 0x00000000c2d00000, 0x00000000c2e00000|  0%| F|  |TAMS 0x00000000c2d00000, 0x00000000c2d00000| Untracked 
|  16|0x00000000c2e00000, 0x00000000c2e00000, 0x00000000c2f00000|  0%| F|  |TAMS 0x00000000c2e00000, 0x00000000c2e00000| Untracked 
|  17|0x00000000c2f00000, 0x00000000c2f00000, 0x00000000c3000000|  0%| F|  |TAMS 0x00000000c2f00000, 0x00000000c2f00000| Untracked 
|  18|0x00000000c3000000, 0x00000000c3000000, 0x00000000c3100000|  0%| F|  |TAMS 0x00000000c3000000, 0x00000000c3000000| Untracked 
|  19|0x00000000c3100000, 0x00000000c3100000, 0x00000000c3200000|  0%| F|  |TAMS 0x00000000c3100000, 0x00000000c3100000| Untracked 
|  20|0x00000000c3200000, 0x00000000c3200000, 0x00000000c3300000|  0%| F|  |TAMS 0x00000000c3200000, 0x00000000c3200000| Untracked 
|  21|0x00000000c3300000, 0x00000000c3300000, 0x00000000c3400000|  0%| F|  |TAMS 0x00000000c3300000, 0x00000000c3300000| Untracked 
|  22|0x00000000c3400000, 0x00000000c3400000, 0x00000000c3500000|  0%| F|  |TAMS 0x00000000c3400000, 0x00000000c3400000| Untracked 
|  23|0x00000000c3500000, 0x00000000c3500000, 0x00000000c3600000|  0%| F|  |TAMS 0x00000000c3500000, 0x00000000c3500000| Untracked 
|  24|0x00000000c3600000, 0x00000000c3600000, 0x00000000c3700000|  0%| F|  |TAMS 0x00000000c3600000, 0x00000000c3600000| Untracked 
|  25|0x00000000c3700000, 0x00000000c3700000, 0x00000000c3800000|  0%| F|  |TAMS 0x00000000c3700000, 0x00000000c3700000| Untracked 
|  26|0x00000000c3800000, 0x00000000c3800000, 0x00000000c3900000|  0%| F|  |TAMS 0x00000000c3800000, 0x00000000c3800000| Untracked 
|  27|0x00000000c3900000, 0x00000000c3900000, 0x00000000c3a00000|  0%| F|  |TAMS 0x00000000c3900000, 0x00000000c3900000| Untracked 
|  28|0x00000000c3a00000, 0x00000000c3a00000, 0x00000000c3b00000|  0%| F|  |TAMS 0x00000000c3a00000, 0x00000000c3a00000| Untracked 
|  29|0x00000000c3b00000, 0x00000000c3b00000, 0x00000000c3c00000|  0%| F|  |TAMS 0x00000000c3b00000, 0x00000000c3b00000| Untracked 
|  30|0x00000000c3c00000, 0x00000000c3c00000, 0x00000000c3d00000|  0%| F|  |TAMS 0x00000000c3c00000, 0x00000000c3c00000| Untracked 
|  31|0x00000000c3d00000, 0x00000000c3d00000, 0x00000000c3e00000|  0%| F|  |TAMS 0x00000000c3d00000, 0x00000000c3d00000| Untracked 
|  32|0x00000000c3e00000, 0x00000000c3e00000, 0x00000000c3f00000|  0%| F|  |TAMS 0x00000000c3e00000, 0x00000000c3e00000| Untracked 
|  33|0x00000000c3f00000, 0x00000000c3f00000, 0x00000000c4000000|  0%| F|  |TAMS 0x00000000c3f00000, 0x00000000c3f00000| Untracked 
|  34|0x00000000c4000000, 0x00000000c4000000, 0x00000000c4100000|  0%| F|  |TAMS 0x00000000c4000000, 0x00000000c4000000| Untracked 
|  35|0x00000000c4100000, 0x00000000c4100000, 0x00000000c4200000|  0%| F|  |TAMS 0x00000000c4100000, 0x00000000c4100000| Untracked 
|  36|0x00000000c4200000, 0x00000000c4200000, 0x00000000c4300000|  0%| F|  |TAMS 0x00000000c4200000, 0x00000000c4200000| Untracked 
|  37|0x00000000c4300000, 0x00000000c4300000, 0x00000000c4400000|  0%| F|  |TAMS 0x00000000c4300000, 0x00000000c4300000| Untracked 
|  38|0x00000000c4400000, 0x00000000c4400000, 0x00000000c4500000|  0%| F|  |TAMS 0x00000000c4400000, 0x00000000c4400000| Untracked 
|  39|0x00000000c4500000, 0x00000000c4500000, 0x00000000c4600000|  0%| F|  |TAMS 0x00000000c4500000, 0x00000000c4500000| Untracked 
|  40|0x00000000c4600000, 0x00000000c4600000, 0x00000000c4700000|  0%| F|  |TAMS 0x00000000c4600000, 0x00000000c4600000| Untracked 
|  41|0x00000000c4700000, 0x00000000c4700000, 0x00000000c4800000|  0%| F|  |TAMS 0x00000000c4700000, 0x00000000c4700000| Untracked 
|  42|0x00000000c4800000, 0x00000000c4800000, 0x00000000c4900000|  0%| F|  |TAMS 0x00000000c4800000, 0x00000000c4800000| Untracked 
|  43|0x00000000c4900000, 0x00000000c4900000, 0x00000000c4a00000|  0%| F|  |TAMS 0x00000000c4900000, 0x00000000c4900000| Untracked 
|  44|0x00000000c4a00000, 0x00000000c4a00000, 0x00000000c4b00000|  0%| F|  |TAMS 0x00000000c4a00000, 0x00000000c4a00000| Untracked 
|  45|0x00000000c4b00000, 0x00000000c4b00000, 0x00000000c4c00000|  0%| F|  |TAMS 0x00000000c4b00000, 0x00000000c4b00000| Untracked 
|  46|0x00000000c4c00000, 0x00000000c4c00000, 0x00000000c4d00000|  0%| F|  |TAMS 0x00000000c4c00000, 0x00000000c4c00000| Untracked 
|  47|0x00000000c4d00000, 0x00000000c4d00000, 0x00000000c4e00000|  0%| F|  |TAMS 0x00000000c4d00000, 0x00000000c4d00000| Untracked 
|  48|0x00000000c4e00000, 0x00000000c4e00000, 0x00000000c4f00000|  0%| F|  |TAMS 0x00000000c4e00000, 0x00000000c4e00000| Untracked 
|  49|0x00000000c4f00000, 0x00000000c4f00000, 0x00000000c5000000|  0%| F|  |TAMS 0x00000000c4f00000, 0x00000000c4f00000| Untracked 
|  50|0x00000000c5000000, 0x00000000c5000000, 0x00000000c5100000|  0%| F|  |TAMS 0x00000000c5000000, 0x00000000c5000000| Untracked 
|  51|0x00000000c5100000, 0x00000000c5100000, 0x00000000c5200000|  0%| F|  |TAMS 0x00000000c5100000, 0x00000000c5100000| Untracked 
|  52|0x00000000c5200000, 0x00000000c5200000, 0x00000000c5300000|  0%| F|  |TAMS 0x00000000c5200000, 0x00000000c5200000| Untracked 
|  53|0x00000000c5300000, 0x00000000c5300000, 0x00000000c5400000|  0%| F|  |TAMS 0x00000000c5300000, 0x00000000c5300000| Untracked 
|  54|0x00000000c5400000, 0x00000000c5400000, 0x00000000c5500000|  0%| F|  |TAMS 0x00000000c5400000, 0x00000000c5400000| Untracked 
|  55|0x00000000c5500000, 0x00000000c5500000, 0x00000000c5600000|  0%| F|  |TAMS 0x00000000c5500000, 0x00000000c5500000| Untracked 
|  56|0x00000000c5600000, 0x00000000c5600000, 0x00000000c5700000|  0%| F|  |TAMS 0x00000000c5600000, 0x00000000c5600000| Untracked 
|  57|0x00000000c5700000, 0x00000000c5700000, 0x00000000c5800000|  0%| F|  |TAMS 0x00000000c5700000, 0x00000000c5700000| Untracked 
|  58|0x00000000c5800000, 0x00000000c5900000, 0x00000000c5900000|100%| E|  |TAMS 0x00000000c5800000, 0x00000000c5800000| Complete 
|  59|0x00000000c5900000, 0x00000000c5a00000, 0x00000000c5a00000|100%| E|CS|TAMS 0x00000000c5900000, 0x00000000c5900000| Complete 
|  60|0x00000000c5a00000, 0x00000000c5b00000, 0x00000000c5b00000|100%| E|CS|TAMS 0x00000000c5a00000, 0x00000000c5a00000| Complete 
|  61|0x00000000c5b00000, 0x00000000c5c00000, 0x00000000c5c00000|100%| E|CS|TAMS 0x00000000c5b00000, 0x00000000c5b00000| Complete 
|  62|0x00000000c5c00000, 0x00000000c5d00000, 0x00000000c5d00000|100%| E|CS|TAMS 0x00000000c5c00000, 0x00000000c5c00000| Complete 
|  63|0x00000000c5d00000, 0x00000000c5e00000, 0x00000000c5e00000|100%| E|CS|TAMS 0x00000000c5d00000, 0x00000000c5d00000| Complete 

Card table byte_map: [0x0000016959970000,0x0000016959b70000] _byte_map_base: 0x0000016959361000

Marking Bits (Prev, Next): (CMBitMap*) 0x00000169410dfc20, (CMBitMap*) 0x00000169410dfc60
 Prev Bits: [0x0000016959d70000, 0x000001695acf8000)
 Next Bits: [0x000001695ad00000, 0x000001695bc88000)

Polling page: 0x0000016941180000

Metaspace:

Usage:
  Non-class:      6.01 MB used.
      Class:    833.48 KB used.
       Both:      6.83 MB used.

Virtual space:
  Non-class space:       64.00 MB reserved,       6.06 MB (  9%) committed,  1 nodes.
      Class space:        1.00 GB reserved,     896.00 KB ( <1%) committed,  1 nodes.
             Both:        1.06 GB reserved,       6.94 MB ( <1%) committed. 

Chunk freelists:
   Non-Class:  9.00 MB
       Class:  15.00 MB
        Both:  24.00 MB

MaxMetaspaceSize: unlimited
CompressedClassSpaceSize: 1.00 GB
Initial GC threshold: 21.00 MB
Current GC threshold: 21.00 MB
CDS: on
MetaspaceReclaimPolicy: balanced
 - commit_granule_bytes: 65536.
 - commit_granule_words: 8192.
 - virtual_space_node_default_size: 8388608.
 - enlarge_chunks_in_place: 1.
 - new_chunks_are_fully_committed: 0.
 - uncommit_free_chunks: 1.
 - use_allocation_guard: 0.
 - handle_deallocations: 1.


Internal statistics:

num_allocs_failed_limit: 0.
num_arena_births: 90.
num_arena_deaths: 0.
num_vsnodes_births: 2.
num_vsnodes_deaths: 0.
num_space_committed: 111.
num_space_uncommitted: 0.
num_chunks_returned_to_freelist: 0.
num_chunks_taken_from_freelist: 127.
num_chunk_merges: 0.
num_chunk_splits: 70.
num_chunks_enlarged: 22.
num_inconsistent_stats: 0.

CodeHeap 'non-profiled nmethods': size=120000Kb used=156Kb max_used=156Kb free=119843Kb
 bounds [0x0000016951c20000, 0x0000016951e90000, 0x0000016959150000]
CodeHeap 'profiled nmethods': size=120000Kb used=821Kb max_used=821Kb free=119179Kb
 bounds [0x000001694a150000, 0x000001694a3c0000, 0x0000016951680000]
CodeHeap 'non-nmethods': size=5760Kb used=1219Kb max_used=1219Kb free=4540Kb
 bounds [0x0000016951680000, 0x00000169518f0000, 0x0000016951c20000]
 total_blobs=1110 nmethods=581 adapters=442
 compilation: enabled
              stopped_count=0, restarted_count=0
 full_count=0

Compilation events (20 events):
Event: 0.509 Thread 0x000001695e260ee0  566       3       java.awt.Dimension::<init> (15 bytes)
Event: 0.509 Thread 0x000001695e260ee0 nmethod 566 0x000001694a214310 code [0x000001694a2144c0, 0x000001694a214698]
Event: 0.510 Thread 0x000001695e260ee0  567       3       javax.swing.plaf.nimbus.NimbusDefaults$LazyPainter::<init> (51 bytes)
Event: 0.510 Thread 0x000001695e260ee0 nmethod 567 0x000001694a214790 code [0x000001694a214960, 0x000001694a214d58]
Event: 0.510 Thread 0x000001695e260ee0  568       3       javax.swing.plaf.nimbus.AbstractRegionPainter$PaintContext::<init> (281 bytes)
Event: 0.511 Thread 0x000001695e260ee0 nmethod 568 0x000001694a214f10 code [0x000001694a215120, 0x000001694a215908]
Event: 0.514 Thread 0x000001695e260ee0  570       3       java.lang.invoke.Invokers$Holder::linkToTargetMethod (9 bytes)
Event: 0.514 Thread 0x000001695e260ee0 nmethod 570 0x000001694a215a90 code [0x000001694a215c40, 0x000001694a215f98]
Event: 0.514 Thread 0x000001695e260ee0  571       3       java.lang.StringConcatHelper::initialCoder (14 bytes)
Event: 0.515 Thread 0x000001695e260ee0 nmethod 571 0x000001694a216090 code [0x000001694a216220, 0x000001694a216338]
Event: 0.515 Thread 0x000001695e260ee0  572       3       java.lang.StringConcatHelper::simpleConcat (94 bytes)
Event: 0.517 Thread 0x000001695e260ee0 nmethod 572 0x000001694a216390 code [0x000001694a2166c0, 0x000001694a217ad8]
Event: 0.517 Thread 0x000001695e260ee0  574       3       java.util.LinkedList$ListItr::hasNext (20 bytes)
Event: 0.518 Thread 0x000001695e260ee0 nmethod 574 0x000001694a218210 code [0x000001694a2183a0, 0x000001694a218518]
Event: 0.518 Thread 0x000001695e260ee0  575       1       java.awt.Color::getRGB (5 bytes)
Event: 0.518 Thread 0x000001695e260ee0 nmethod 575 0x0000016951c46990 code [0x0000016951c46b20, 0x0000016951c46bf8]
Event: 0.518 Thread 0x000001695e260ee0  576       3       sun.awt.AppContext::getAppContext (51 bytes)
Event: 0.519 Thread 0x000001695e260ee0 nmethod 576 0x000001694a218610 code [0x000001694a218840, 0x000001694a218f88]
Event: 0.519 Thread 0x000001695e260ee0  573       3       java.lang.invoke.LambdaForm$MH/0x000001696000c800::invoke (25 bytes)
Event: 0.519 Thread 0x000001695e260ee0 nmethod 573 0x000001694a219210 code [0x000001694a2193e0, 0x000001694a219918]

GC Heap History (0 events):
No events

Deoptimization events (4 events):
Event: 0.322 Thread 0x00000169410a3af0 Uncommon trap: trap_request=0xffffff45 fr.pc=0x0000016951c2ea70 relative=0x0000000000000910
Event: 0.322 Thread 0x00000169410a3af0 Uncommon trap: reason=unstable_if action=reinterpret pc=0x0000016951c2ea70 method=java.util.HashMap.putVal(ILjava/lang/Object;Ljava/lang/Object;ZZ)Ljava/lang/Object; @ 81 c2
Event: 0.322 Thread 0x00000169410a3af0 DEOPT PACKING pc=0x0000016951c2ea70 sp=0x0000001fecafe430
Event: 0.322 Thread 0x00000169410a3af0 DEOPT UNPACKING pc=0x00000169516d23a3 sp=0x0000001fecafe3d0 mode 2

Classes unloaded (0 events):
No events

Classes redefined (0 events):
No events

Internal exceptions (20 events):
Event: 0.488 Thread 0x00000169410a3af0 Exception <a 'java/lang/ClassNotFoundException'{0x00000000c599aeb8}: FormattedTextField> (0x00000000c599aeb8) 
thrown [s\open\src\hotspot\share\classfile\systemDictionary.cpp, line 256]
Event: 0.488 Thread 0x00000169410a3af0 Exception <a 'java/lang/ClassNotFoundException'{0x00000000c599b398}: PasswordField> (0x00000000c599b398) 
thrown [s\open\src\hotspot\share\classfile\systemDictionary.cpp, line 256]
Event: 0.489 Thread 0x00000169410a3af0 Exception <a 'java/lang/ClassNotFoundException'{0x00000000c599b8f0}: TextArea> (0x00000000c599b8f0) 
thrown [s\open\src\hotspot\share\classfile\systemDictionary.cpp, line 256]
Event: 0.491 Thread 0x00000169410a3af0 Exception <a 'java/lang/ClassNotFoundException'{0x00000000c599c230}: TextPane> (0x00000000c599c230) 
thrown [s\open\src\hotspot\share\classfile\systemDictionary.cpp, line 256]
Event: 0.491 Thread 0x00000169410a3af0 Exception <a 'java/lang/ClassNotFoundException'{0x00000000c599c698}: EditorPane> (0x00000000c599c698) 
thrown [s\open\src\hotspot\share\classfile\systemDictionary.cpp, line 256]
Event: 0.492 Thread 0x00000169410a3af0 Exception <a 'java/lang/ClassNotFoundException'{0x00000000c599cff8}: ToolBar> (0x00000000c599cff8) 
thrown [s\open\src\hotspot\share\classfile\systemDictionary.cpp, line 256]
Event: 0.492 Thread 0x00000169410a3af0 Exception <a 'java/lang/ClassNotFoundException'{0x00000000c599d4f0}: ToolBar> (0x00000000c599d4f0) 
thrown [s\open\src\hotspot\share\classfile\systemDictionary.cpp, line 256]
Event: 0.492 Thread 0x00000169410a3af0 Exception <a 'java/lang/ClassNotFoundException'{0x00000000c599d850}: Button> (0x00000000c599d850) 
thrown [s\open\src\hotspot\share\classfile\systemDictionary.cpp, line 256]
Event: 0.492 Thread 0x00000169410a3af0 Exception <a 'java/lang/ClassNotFoundException'{0x00000000c599dd18}: ToolBar> (0x00000000c599dd18) 
thrown [s\open\src\hotspot\share\classfile\systemDictionary.cpp, line 256]
Event: 0.492 Thread 0x00000169410a3af0 Exception <a 'java/lang/ClassNotFoundException'{0x00000000c599e088}: ToggleButton> (0x00000000c599e088) 
thrown [s\open\src\hotspot\share\classfile\systemDictionary.cpp, line 256]
Event: 0.492 Thread 0x00000169410a3af0 Exception <a 'java/lang/ClassNotFoundException'{0x00000000c599e4c8}: javax/swing/JToolBarSeparator> (0x00000000c599e4c8) 
thrown [s\open\src\hotspot\share\classfile\systemDictionary.cpp, line 256]
Event: 0.492 Thread 0x00000169410a3af0 Exception <a 'java/lang/ClassNotFoundException'{0x00000000c599e7d0}: ToolBarSeparator> (0x00000000c599e7d0) 
thrown [s\open\src\hotspot\share\classfile\systemDictionary.cpp, line 256]
Event: 0.492 Thread 0x00000169410a3af0 Exception <a 'java/lang/ClassNotFoundException'{0x00000000c599ece8}: ToolTip> (0x00000000c599ece8) 
thrown [s\open\src\hotspot\share\classfile\systemDictionary.cpp, line 256]
Event: 0.494 Thread 0x00000169410a3af0 Exception <a 'java/lang/ClassNotFoundException'{0x00000000c599f638}: Tree> (0x00000000c599f638) 
thrown [s\open\src\hotspot\share\classfile\systemDictionary.cpp, line 256]
Event: 0.495 Thread 0x00000169410a3af0 Exception <a 'java/lang/ClassNotFoundException'{0x00000000c599fb30}: Tree> (0x00000000c599fb30) 
thrown [s\open\src\hotspot\share\classfile\systemDictionary.cpp, line 256]
Event: 0.495 Thread 0x00000169410a3af0 Exception <a 'java/lang/ClassNotFoundException'{0x00000000c599fea0}: javax/swing/JTreeCell> (0x00000000c599fea0) 
thrown [s\open\src\hotspot\share\classfile\systemDictionary.cpp, line 256]
Event: 0.495 Thread 0x00000169410a3af0 Exception <a 'java/lang/ClassNotFoundException'{0x00000000c59a01a0}: TreeCell> (0x00000000c59a01a0) 
thrown [s\open\src\hotspot\share\classfile\systemDictionary.cpp, line 256]
Event: 0.495 Thread 0x00000169410a3af0 Exception <a 'java/lang/ClassNotFoundException'{0x00000000c59a0960}: RootPane> (0x00000000c59a0960) 
thrown [s\open\src\hotspot\share\classfile\systemDictionary.cpp, line 256]
Event: 0.497 Thread 0x00000169410a3af0 Exception <a 'java/lang/ClassNotFoundException'{0x00000000c59a37b0}: com/sun/swing/internal/plaf/metal/resources/spi/metalProvider> (0x00000000c59a37b0) 
thrown [s\open\src\hotspot\share\classfile\systemDictionary.cpp, line 256]
Event: 0.498 Thread 0x00000169410a3af0 Exception <a 'java/lang/ClassNotFoundException'{0x00000000c59a7360}: com/sun/swing/internal/plaf/basic/resources/spi/basicProvider> (0x00000000c59a7360) 
thrown [s\open\src\hotspot\share\classfile\systemDictionary.cpp, line 256]

VM Operations (4 events):
Event: 0.123 Executing VM operation: HandshakeAllThreads
Event: 0.123 Executing VM operation: HandshakeAllThreads done
Event: 0.450 Executing VM operation: HandshakeAllThreads
Event: 0.450 Executing VM operation: HandshakeAllThreads done

Events (20 events):
Event: 0.520 loading class java/awt/EventFilter
Event: 0.520 loading class java/awt/EventFilter done
Event: 0.520 loading class java/awt/EventDispatchThread$HierarchyEventFilter done
Event: 0.520 loading class java/awt/ModalEventFilter
Event: 0.520 loading class java/awt/ModalEventFilter done
Event: 0.520 loading class java/awt/EventFilter$FilterAction
Event: 0.520 loading class java/awt/EventFilter$FilterAction done
Event: 0.521 loading class sun/awt/dnd/SunDragSourceContextPeer
Event: 0.521 loading class java/awt/dnd/peer/DragSourceContextPeer
Event: 0.521 loading class java/awt/dnd/peer/DragSourceContextPeer done
Event: 0.521 loading class sun/awt/dnd/SunDragSourceContextPeer done
Event: 0.521 loading class java/awt/EventQueue$4
Event: 0.521 loading class java/awt/EventQueue$4 done
Event: 0.521 loading class java/awt/MenuComponent
Event: 0.521 loading class java/awt/MenuComponent done
Event: 0.521 loading class java/awt/TrayIcon
Event: 0.521 loading class java/awt/TrayIcon done
Event: 0.521 loading class java/awt/event/InputMethodEvent
Event: 0.522 loading class java/awt/event/InputMethodEvent done
Event: 0.522 loading class java/awt/event/ActionEvent


Dynamic libraries:
0x00007ff724450000 - 0x00007ff724460000 	C:\Program Files\Java\jdk-17.0.12\bin\java.exe
0x00007fff01150000 - 0x00007fff01348000 	C:\WINDOWS\SYSTEM32\ntdll.dll
0x00007ffeff2b0000 - 0x00007ffeff372000 	C:\WINDOWS\System32\KERNEL32.DLL
0x00007ffefeb40000 - 0x00007ffefee3e000 	C:\WINDOWS\System32\KERNELBASE.dll
0x00007ffefee70000 - 0x00007ffefef70000 	C:\WINDOWS\System32\ucrtbase.dll
0x00007ffef5560000 - 0x00007ffef557b000 	C:\Program Files\Java\jdk-17.0.12\bin\VCRUNTIME140.dll
0x00007ffef9de0000 - 0x00007ffef9df9000 	C:\Program Files\Java\jdk-17.0.12\bin\jli.dll
0x00007ffeff1f0000 - 0x00007ffeff2a1000 	C:\WINDOWS\System32\ADVAPI32.dll
0x00007fff01070000 - 0x00007fff0110e000 	C:\WINDOWS\System32\msvcrt.dll
0x00007fff001d0000 - 0x00007fff0026f000 	C:\WINDOWS\System32\sechost.dll
0x00007fff00040000 - 0x00007fff00163000 	C:\WINDOWS\System32\RPCRT4.dll
0x00007ffefe7f0000 - 0x00007ffefe817000 	C:\WINDOWS\System32\bcrypt.dll
0x00007fff00ed0000 - 0x00007fff0106d000 	C:\WINDOWS\System32\USER32.dll
0x00007ffefee40000 - 0x00007ffefee62000 	C:\WINDOWS\System32\win32u.dll
0x00007fff00d80000 - 0x00007fff00dab000 	C:\WINDOWS\System32\GDI32.dll
0x00007ffee8d90000 - 0x00007ffee902a000 	C:\WINDOWS\WinSxS\amd64_microsoft.windows.common-controls_6595b64144ccf1df_6.0.19041.4355_none_60b8b9eb71f62e16\COMCTL32.dll
0x00007ffefef70000 - 0x00007ffeff087000 	C:\WINDOWS\System32\gdi32full.dll
0x00007ffefe890000 - 0x00007ffefe92d000 	C:\WINDOWS\System32\msvcp_win.dll
0x00007ffef5c30000 - 0x00007ffef5c3a000 	C:\WINDOWS\SYSTEM32\VERSION.dll
0x00007fff005b0000 - 0x00007fff005df000 	C:\WINDOWS\System32\IMM32.DLL
0x00007ffef91b0000 - 0x00007ffef91bc000 	C:\Program Files\Java\jdk-17.0.12\bin\vcruntime140_1.dll
0x00007ffed48d0000 - 0x00007ffed495e000 	C:\Program Files\Java\jdk-17.0.12\bin\msvcp140.dll
0x00007ffec5b00000 - 0x00007ffec66e0000 	C:\Program Files\Java\jdk-17.0.12\bin\server\jvm.dll
0x00007fff00690000 - 0x00007fff00698000 	C:\WINDOWS\System32\PSAPI.DLL
0x00007ffee4bc0000 - 0x00007ffee4be7000 	C:\WINDOWS\SYSTEM32\WINMM.dll
0x00007ffef9770000 - 0x00007ffef9779000 	C:\WINDOWS\SYSTEM32\WSOCK32.dll
0x00007fff00e60000 - 0x00007fff00ecb000 	C:\WINDOWS\System32\WS2_32.dll
0x00007ffefc670000 - 0x00007ffefc682000 	C:\WINDOWS\SYSTEM32\kernel.appcore.dll
0x00007ffef0e00000 - 0x00007ffef0e0a000 	C:\Program Files\Java\jdk-17.0.12\bin\jimage.dll
0x00007ffef5200000 - 0x00007ffef53e4000 	C:\WINDOWS\SYSTEM32\DBGHELP.DLL
0x00007ffee4a30000 - 0x00007ffee4a64000 	C:\WINDOWS\SYSTEM32\dbgcore.DLL
0x00007ffeff0e0000 - 0x00007ffeff162000 	C:\WINDOWS\System32\bcryptPrimitives.dll
0x00007ffef54f0000 - 0x00007ffef5515000 	C:\Program Files\Java\jdk-17.0.12\bin\java.dll
0x00007ffeda8c0000 - 0x00007ffeda997000 	C:\Program Files\Java\jdk-17.0.12\bin\jsvml.dll
0x00007ffeff380000 - 0x00007ffeffaed000 	C:\WINDOWS\System32\SHELL32.dll
0x00007ffefc870000 - 0x00007ffefd014000 	C:\WINDOWS\SYSTEM32\windows.storage.dll
0x00007ffeffb50000 - 0x00007ffeffea3000 	C:\WINDOWS\System32\combase.dll
0x00007ffefe150000 - 0x00007ffefe17e000 	C:\WINDOWS\SYSTEM32\Wldp.dll
0x00007fff00cb0000 - 0x00007fff00d7d000 	C:\WINDOWS\System32\OLEAUT32.dll
0x00007fff005e0000 - 0x00007fff0068d000 	C:\WINDOWS\System32\SHCORE.dll
0x00007fff00170000 - 0x00007fff001c5000 	C:\WINDOWS\System32\shlwapi.dll
0x00007ffefe720000 - 0x00007ffefe744000 	C:\WINDOWS\SYSTEM32\profapi.dll
0x00007ffee92d0000 - 0x00007ffee92e9000 	C:\Program Files\Java\jdk-17.0.12\bin\net.dll
0x00007ffef0770000 - 0x00007ffef087d000 	C:\WINDOWS\SYSTEM32\WINHTTP.dll
0x00007ffefdeb0000 - 0x00007ffefdf1a000 	C:\WINDOWS\system32\mswsock.dll
0x00007ffee9040000 - 0x00007ffee9056000 	C:\Program Files\Java\jdk-17.0.12\bin\nio.dll
0x00007ffee8640000 - 0x00007ffee8658000 	C:\Program Files\Java\jdk-17.0.12\bin\zip.dll
0x00007ffec5960000 - 0x00007ffec5af1000 	C:\Program Files\Java\jdk-17.0.12\bin\awt.dll
0x00007ffefbca0000 - 0x00007ffefbd34000 	C:\WINDOWS\SYSTEM32\apphelp.dll
0x00007ffefc160000 - 0x00007ffefc1fe000 	C:\WINDOWS\system32\uxtheme.dll
0x00007fff00280000 - 0x00007fff00395000 	C:\WINDOWS\System32\MSCTF.dll
0x00007ffeffeb0000 - 0x00007ffefffdb000 	C:\WINDOWS\System32\ole32.dll
0x00007ffefc270000 - 0x00007ffefc29f000 	C:\WINDOWS\system32\DWMAPI.DLL
0x00007ffed4840000 - 0x00007ffed48c7000 	C:\Program Files\Java\jdk-17.0.12\bin\freetype.dll
0x00007ffed2a00000 - 0x00007ffed2ae1000 	C:\Program Files\Java\jdk-17.0.12\bin\fontmanager.dll

dbghelp: loaded successfully - version: 4.0.5 - missing functions: none
symbol engine: initialized successfully - sym options: 0x614 - pdb path: .;C:\Program Files\Java\jdk-17.0.12\bin;C:\WINDOWS\SYSTEM32;C:\WINDOWS\WinSxS\amd64_microsoft.windows.common-controls_6595b64144ccf1df_6.0.19041.4355_none_60b8b9eb71f62e16;C:\Program Files\Java\jdk-17.0.12\bin\server

VM Arguments:
jvm_args: -Dfile.encoding=UTF-8 --module-path=C:\Users\Yogesh\Desktop\BankMangementSystem\BankMangementSystem\build\classes 
java_command: com.yogesh.frontend.Dashboard
java_class_path (initial): C:\Users\Yogesh\Desktop\BankMangementSystem\ojdbc14.jar;C:\Program Files\NetBeans-23\netbeans\java\modules\ext\AbsoluteLayout.jar;C:\Users\Yogesh\Desktop\BankMangementSystem\BankMangementSystem\build\classes
Launcher Type: SUN_STANDARD

[Global flags]
     intx CICompilerCount                          = 3                                         {product} {ergonomic}
     uint ConcGCThreads                            = 1                                         {product} {ergonomic}
     uint G1ConcRefinementThreads                  = 4                                         {product} {ergonomic}
   size_t G1HeapRegionSize                         = 1048576                                   {product} {ergonomic}
    uintx GCDrainStackTargetSize                   = 64                                        {product} {ergonomic}
   size_t InitialHeapSize                          = 67108864                                  {product} {ergonomic}
   size_t MarkStackSize                            = 4194304                                   {product} {ergonomic}
   size_t MaxHeapSize                              = 1042284544                                {product} {ergonomic}
   size_t MaxNewSize                               = 624951296                                 {product} {ergonomic}
   size_t MinHeapDeltaBytes                        = 1048576                                   {product} {ergonomic}
   size_t MinHeapSize                              = 8388608                                   {product} {ergonomic}
    uintx NonNMethodCodeHeapSize                   = 5832780                                {pd product} {ergonomic}
    uintx NonProfiledCodeHeapSize                  = 122912730                              {pd product} {ergonomic}
    uintx ProfiledCodeHeapSize                     = 122912730                              {pd product} {ergonomic}
    uintx ReservedCodeCacheSize                    = 251658240                              {pd product} {ergonomic}
     bool SegmentedCodeCache                       = true                                      {product} {ergonomic}
   size_t SoftMaxHeapSize                          = 1042284544                             {manageable} {ergonomic}
     bool UseCompressedClassPointers               = true                           {product lp64_product} {ergonomic}
     bool UseCompressedOops                        = true                           {product lp64_product} {ergonomic}
     bool UseG1GC                                  = true                                      {product} {ergonomic}
     bool UseLargePagesIndividualAllocation        = false                                  {pd product} {ergonomic}

Logging:
Log output configuration:
 #0: stdout all=warning uptime,level,tags
 #1: stderr all=off uptime,level,tags

Environment Variables:
PATH=C:\oraclexe\app\oracle\product\10.2.0\server\bin;C:\Program Files\Java\jdk1.8.0_201\bin;C:\Users\Yogesh\AppData\Roaming\npm;C:\Program Files\nodejs\;C:\Windows\System32;C:\Program Files\MongoDB\Server\7.0\bin;C:\Program Files\Java\jdk1.8.0_201\bin;C:\Users\Yogesh\AppData\Local\Programs\Microsoft VS Code\bin;C:\MinGW\bin;C:\Users\Yogesh\AppData\Roaming\npm;C:\Windows\System32;C:\Users\Yogesh\AppData\Local\Programs\mongosh\;C:\Program Files\MongoDB\Server\7.0\bin;
USERNAME=Yogesh
OS=Windows_NT
PROCESSOR_IDENTIFIER=Intel64 Family 6 Model 78 Stepping 3, GenuineIntel



---------------  S Y S T E M  ---------------

OS:
 Windows 10 , 64 bit Build 19041 (10.0.19041.5072)
OS uptime: 0 days 1:37 hours

CPU: total 4 (initial active 4) (2 cores per cpu, 2 threads per core) family 6 model 78 stepping 3 microcode 0xcc, cx8, cmov, fxsr, ht, mmx, 3dnowpref, sse, sse2, sse3, ssse3, sse4.1, sse4.2, popcnt, lzcnt, tsc, tscinvbit, avx, avx2, aes, erms, clmul, bmi1, bmi2, adx, fma, vzeroupper, clflush, clflushopt

Memory: 4k page, system-wide physical 3973M (544M free)
TotalPageFile size 7973M (AvailPageFile size 1M)
current process WorkingSet (physical memory assigned to process): 52M, peak: 52M
current process commit charge ("private bytes"): 146M, peak: 146M

vm_info: Java HotSpot(TM) 64-Bit Server VM (17.0.12+8-LTS-286) for windows-amd64 JRE (17.0.12+8-LTS-286), built on Jun  5 2024 06:46:59 by "mach5one" with MS VC++ 17.6 (VS2022)

END.
